2026-05-21 04:14:02 - INFO :       Use taylor pruner...
2026-05-21 04:14:02 - INFO :       Pruning Attention Layer = [0, 1, 2, 3, 4, 5, 6, 7, 8, 9, 10, 11, 12, 13, 14, 15, 16, 17, 18, 19, 20, 21, 22, 23, 24, 25, 26, 27, 28, 29, 30, 31, 32, 33]
2026-05-21 04:14:02 - INFO :       Pruning MLP Layer = [0, 1, 2, 3, 4, 5, 6, 7, 8, 9, 10, 11, 12, 13, 14, 15, 16, 17, 18, 19, 20, 21, 22, 23, 24, 25, 26, 27, 28, 29, 30, 31, 32, 33]
2026-05-21 04:14:03 - INFO :       Start Pruning
2026-05-21 04:14:05 - INFO :       Start Backwarding in iterative steps = 0...
2026-05-21 04:14:06 - INFO :       Loss = 4.972743988037109
2026-05-21 04:14:13 - INFO :       Loss = 6.984109878540039
2026-05-21 04:14:21 - INFO :       Loss = 7.245771884918213
2026-05-21 04:14:28 - INFO :       Loss = 7.134208679199219
2026-05-21 04:14:34 - INFO :       Loss = 7.3937201499938965
2026-05-21 04:14:42 - INFO :       Loss = 4.364136695861816
2026-05-21 04:14:49 - INFO :       Loss = 8.751728057861328
2026-05-21 04:14:56 - INFO :       Loss = 8.213846206665039
2026-05-21 04:15:08 - INFO :       Loss = 7.4165873527526855
2026-05-21 04:15:16 - INFO :       Loss = 5.457688808441162
2026-05-21 04:15:23 - INFO :       Loss = 7.814108848571777
2026-05-21 04:15:30 - INFO :       Loss = 4.764880657196045
2026-05-21 04:15:39 - INFO :       Loss = 7.523168563842773
2026-05-21 04:15:47 - INFO :       Loss = 6.436306953430176
2026-05-21 04:15:54 - INFO :       Loss = 5.53559684753418
2026-05-21 04:16:01 - INFO :       Loss = 4.632939338684082
2026-05-21 04:16:08 - INFO :       Loss = 6.396544933319092
2026-05-21 04:16:14 - INFO :       Loss = 4.9682841300964355
2026-05-21 04:16:23 - INFO :       Loss = 4.119556427001953
2026-05-21 04:16:30 - INFO :       Loss = 5.710723876953125
2026-05-21 04:16:37 - INFO :       Loss = 6.41298770904541
2026-05-21 04:16:44 - INFO :       Loss = 6.3189496994018555
2026-05-21 04:16:51 - INFO :       Loss = 3.642280340194702
2026-05-21 04:16:58 - INFO :       Loss = 8.761643409729004
2026-05-21 04:17:04 - INFO :       Loss = 6.559170246124268
2026-05-21 04:17:11 - INFO :       Loss = 3.943578004837036
2026-05-21 04:17:20 - INFO :       Loss = 4.040160179138184
2026-05-21 04:17:27 - INFO :       Loss = 7.725856781005859
2026-05-21 04:17:35 - INFO :       Loss = 4.75356912612915
2026-05-21 04:17:42 - INFO :       Loss = 7.9476799964904785
2026-05-21 04:17:48 - INFO :       Loss = 3.8050992488861084
2026-05-21 04:17:55 - INFO :       Loss = 8.376273155212402
2026-05-21 04:18:10 - INFO :       Loss = 6.191370964050293
2026-05-21 04:18:29 - INFO :       After Iter 1/5, #parameters: 3666144768
2026-05-21 04:18:32 - INFO :       Start Backwarding in iterative steps = 1...
2026-05-21 04:18:34 - INFO :       Loss = 7.562656879425049
2026-05-21 04:18:41 - INFO :       Loss = 5.522149562835693
2026-05-21 04:18:47 - INFO :       Loss = 8.213458061218262
2026-05-21 04:18:55 - INFO :       Loss = 6.1940226554870605
2026-05-21 04:19:03 - INFO :       Loss = 7.931512355804443
2026-05-21 04:19:09 - INFO :       Loss = 4.736667633056641
2026-05-21 04:19:16 - INFO :       Loss = 7.2726969718933105
2026-05-21 04:19:23 - INFO :       Loss = 5.64023494720459
2026-05-21 04:19:29 - INFO :       Loss = 4.426374435424805
2026-05-21 04:19:35 - INFO :       Loss = 4.9356889724731445
2026-05-21 04:19:42 - INFO :       Loss = 7.303770542144775
2026-05-21 04:19:48 - INFO :       Loss = 6.856056213378906
2026-05-21 04:19:55 - INFO :       Loss = 6.168938159942627
2026-05-21 04:20:04 - INFO :       Loss = 4.739943981170654
2026-05-21 04:20:11 - INFO :       Loss = 5.110503673553467
2026-05-21 04:20:17 - INFO :       Loss = 6.972222805023193
2026-05-21 04:20:25 - INFO :       Loss = 8.048243522644043
2026-05-21 04:20:31 - INFO :       Loss = 7.252359390258789
2026-05-21 04:20:38 - INFO :       Loss = 7.975022792816162
2026-05-21 04:20:45 - INFO :       Loss = 8.429903030395508
2026-05-21 04:20:50 - INFO :       Loss = 5.470134258270264
2026-05-21 04:20:57 - INFO :       Loss = 6.975485324859619
2026-05-21 04:21:03 - INFO :       Loss = 8.299242973327637
2026-05-21 04:21:11 - INFO :       Loss = 4.757935523986816
2026-05-21 04:21:18 - INFO :       Loss = 6.720188617706299
2026-05-21 04:21:25 - INFO :       Loss = 4.069889545440674
2026-05-21 04:21:32 - INFO :       Loss = 5.839838981628418
2026-05-21 04:21:38 - INFO :       Loss = 6.706291675567627
2026-05-21 04:21:44 - INFO :       Loss = 7.412261486053467
2026-05-21 04:21:51 - INFO :       Loss = 5.422262668609619
2026-05-21 04:21:57 - INFO :       Loss = 8.521049499511719
2026-05-21 04:22:04 - INFO :       Loss = 5.989889144897461
2026-05-21 04:22:18 - INFO :       Loss = 6.483652591705322
2026-05-21 04:22:42 - INFO :       After Iter 2/5, #parameters: 3452287488
2026-05-21 04:22:44 - INFO :       Start Backwarding in iterative steps = 2...
2026-05-21 04:22:45 - INFO :       Loss = 4.724554538726807
2026-05-21 04:22:52 - INFO :       Loss = 4.817404747009277
2026-05-21 04:22:59 - INFO :       Loss = 6.226139068603516
2026-05-21 04:23:06 - INFO :       Loss = 8.572850227355957
2026-05-21 04:23:12 - INFO :       Loss = 4.290647506713867
2026-05-21 04:23:18 - INFO :       Loss = 7.745450973510742
2026-05-21 04:23:25 - INFO :       Loss = 7.231963157653809
2026-05-21 04:23:31 - INFO :       Loss = 7.971917152404785
2026-05-21 04:23:38 - INFO :       Loss = 8.415810585021973
2026-05-21 04:23:45 - INFO :       Loss = 9.778105735778809
2026-05-21 04:23:51 - INFO :       Loss = 8.380415916442871
2026-05-21 04:23:57 - INFO :       Loss = 8.180352210998535
2026-05-21 04:24:04 - INFO :       Loss = 8.744406700134277
2026-05-21 04:24:10 - INFO :       Loss = 8.062196731567383
2026-05-21 04:24:15 - INFO :       Loss = 4.566843032836914
2026-05-21 04:24:21 - INFO :       Loss = 6.886448383331299
2026-05-21 04:24:27 - INFO :       Loss = 8.52187442779541
2026-05-21 04:24:34 - INFO :       Loss = 4.817774295806885
2026-05-21 04:24:40 - INFO :       Loss = 8.483217239379883
2026-05-21 04:24:46 - INFO :       Loss = 8.467916488647461
2026-05-21 04:24:52 - INFO :       Loss = 6.149139404296875
2026-05-21 04:24:58 - INFO :       Loss = 6.238457679748535
2026-05-21 04:25:03 - INFO :       Loss = 6.9763970375061035
2026-05-21 04:25:09 - INFO :       Loss = 6.467418193817139
2026-05-21 04:25:15 - INFO :       Loss = 7.938502788543701
2026-05-21 04:25:20 - INFO :       Loss = 6.081748962402344
2026-05-21 04:25:26 - INFO :       Loss = 4.459174156188965
2026-05-21 04:25:31 - INFO :       Loss = 5.959256649017334
2026-05-21 04:25:37 - INFO :       Loss = 5.446397304534912
2026-05-21 04:25:43 - INFO :       Loss = 6.34622049331665
2026-05-21 04:25:49 - INFO :       Loss = 6.40505313873291
2026-05-21 04:25:55 - INFO :       Loss = 4.922934055328369
2026-05-21 04:26:07 - INFO :       Loss = 6.821152687072754
2026-05-21 04:26:23 - INFO :       After Iter 3/5, #parameters: 3238430208
2026-05-21 04:26:25 - INFO :       Start Backwarding in iterative steps = 3...
2026-05-21 04:26:26 - INFO :       Loss = 7.709083557128906
2026-05-21 04:26:31 - INFO :       Loss = 8.726606369018555
2026-05-21 04:26:34 - INFO :       Loss = 6.629345893859863
2026-05-21 04:26:37 - INFO :       Loss = 5.375157833099365
2026-05-21 04:26:42 - INFO :       Loss = 8.479188919067383
2026-05-21 04:26:45 - INFO :       Loss = 9.299827575683594
2026-05-21 04:26:50 - INFO :       Loss = 7.781515598297119
2026-05-21 04:26:53 - INFO :       Loss = 4.022899627685547
2026-05-21 04:26:57 - INFO :       Loss = 8.744731903076172
2026-05-21 04:27:01 - INFO :       Loss = 6.203281879425049
2026-05-21 04:27:05 - INFO :       Loss = 8.410058975219727
2026-05-21 04:27:08 - INFO :       Loss = 8.356237411499023
2026-05-21 04:27:12 - INFO :       Loss = 8.99693489074707
2026-05-21 04:27:16 - INFO :       Loss = 7.611591339111328
2026-05-21 04:27:19 - INFO :       Loss = 7.346683025360107
2026-05-21 04:27:23 - INFO :       Loss = 8.011014938354492
2026-05-21 04:27:26 - INFO :       Loss = 5.220460891723633
2026-05-21 04:27:29 - INFO :       Loss = 4.713165760040283
2026-05-21 04:27:33 - INFO :       Loss = 7.8369035720825195
2026-05-21 04:27:37 - INFO :       Loss = 5.105398178100586
2026-05-21 04:27:41 - INFO :       Loss = 6.849350452423096
