2026-05-13 15:53:06 - INFO :       Use taylor pruner...
2026-05-13 15:53:06 - INFO :       Pruning Attention Layer = [0, 1, 2, 3, 4, 5, 6, 7, 8, 9, 10, 11, 12, 13, 14, 15, 16, 17, 18, 19, 20, 21, 22, 23, 24, 25, 26, 27, 28, 29, 30, 31, 32, 33, 34, 35, 36, 37, 38, 39, 40, 41, 42, 43, 44, 45, 46, 47]
2026-05-13 15:53:06 - INFO :       Pruning MLP Layer = [0, 1, 2, 3, 4, 5, 6, 7, 8, 9, 10, 11, 12, 13, 14, 15, 16, 17, 18, 19, 20, 21, 22, 23, 24, 25, 26, 27, 28, 29, 30, 31, 32, 33, 34, 35, 36, 37, 38, 39, 40, 41, 42, 43, 44, 45, 46, 47]
2026-05-13 15:53:08 - INFO :       Start Pruning
2026-05-13 15:53:08 - INFO :       Clearing accumulated gradients
2026-05-13 15:53:08 - INFO :       Getting calibration set
2026-05-13 15:53:10 - INFO :       Start Backwarding in iterative steps = 0...
2026-05-13 15:53:15 - INFO :       Loss = 4.799809455871582
2026-05-13 15:53:33 - INFO :       Loss = 8.506349563598633
2026-05-13 15:53:49 - INFO :       Loss = 8.038880348205566
2026-05-13 15:54:03 - INFO :       Loss = 9.31435775756836
2026-05-13 15:54:16 - INFO :       Loss = 6.935092449188232
2026-05-13 15:54:28 - INFO :       Loss = 3.969855308532715
2026-05-13 15:54:41 - INFO :       Loss = 11.220038414001465
2026-05-13 15:54:53 - INFO :       Loss = 11.159672737121582
2026-05-13 15:55:06 - INFO :       Loss = 7.821008682250977
2026-05-13 15:55:17 - INFO :       Loss = 5.235744953155518
2026-05-13 15:55:29 - INFO :       Loss = 9.56309700012207
2026-05-13 15:55:40 - INFO :       Loss = 4.300639629364014
2026-05-13 15:55:52 - INFO :       Loss = 9.139113426208496
2026-05-13 15:56:04 - INFO :       Loss = 7.47960901260376
2026-05-13 15:56:16 - INFO :       Loss = 6.687854766845703
2026-05-13 15:56:31 - INFO :       Loss = 4.250148296356201
2026-05-13 15:56:45 - INFO :       Loss = 6.217780590057373
2026-05-13 15:56:58 - INFO :       Loss = 4.670854091644287
2026-05-13 15:57:11 - INFO :       Loss = 3.8682262897491455
2026-05-13 15:57:25 - INFO :       Loss = 5.995919227600098
2026-05-13 15:57:38 - INFO :       Loss = 10.908387184143066
2026-05-13 15:57:53 - INFO :       Loss = 9.281964302062988
2026-05-13 15:58:07 - INFO :       Loss = 4.43489933013916
2026-05-13 15:58:21 - INFO :       Loss = 12.044476509094238
2026-05-13 15:58:33 - INFO :       Loss = 9.552448272705078
2026-05-13 15:58:46 - INFO :       Loss = 3.9680652618408203
2026-05-13 15:58:58 - INFO :       Loss = 4.072959899902344
2026-05-13 15:59:11 - INFO :       Loss = 10.066373825073242
2026-05-13 15:59:24 - INFO :       Loss = 4.552151679992676
2026-05-13 15:59:36 - INFO :       Loss = 10.460893630981445
2026-05-13 15:59:52 - INFO :       Loss = 3.5577380657196045
2026-05-13 16:00:06 - INFO :       Loss = 10.658007621765137
2026-05-13 16:01:03 - INFO :       Loss = 7.30293607711792
2026-05-13 16:02:58 - INFO :       After Iter 1/5, #parameters: 11595722496
2026-05-13 16:02:58 - INFO :       Clearing accumulated gradients
2026-05-13 16:02:58 - INFO :       Getting calibration set
2026-05-13 16:03:00 - INFO :       Start Backwarding in iterative steps = 1...
2026-05-13 16:03:03 - INFO :       Loss = 6.857248306274414
2026-05-13 16:03:53 - INFO :       Loss = 5.967132091522217
2026-05-13 16:05:00 - INFO :       Loss = 11.007892608642578
2026-05-13 16:06:06 - INFO :       Loss = 9.746440887451172
2026-05-13 16:07:30 - INFO :       Loss = 8.737813949584961
2026-05-13 16:08:58 - INFO :       Loss = 4.254274845123291
